<?xml version="1.0" encoding="UTF-8"?>
<!-- Generated by org.testng.reporters.JUnitReportReporter -->
<testsuite hostname="LitSeLK0" failures="0" tests="1" name="org.example.TestPage" time="0.000" errors="0" timestamp="2023-03-20T09:28:19 IST" skipped="1">
  <testcase classname="org.example.TestPage" name="openPage" time="0.000">
    <skipped/>
  </testcase> <!-- openPage -->
  <system-out/>
</testsuite> <!-- org.example.TestPage -->
